<?xml version="1.0" encoding="UTF-8"?>
<!-- Generated by org.testng.reporters.JUnitReportReporter -->
<testsuite hostname="INGGNED8W6NYX1" name="democlasses.JSError" tests="1" failures="0" timestamp="18 Feb 2016 14:46:11 GMT" time="8.187" errors="0">
  <testcase name="testMethod" time="8.187" classname="democlasses.JSError"/>
</testsuite> <!-- democlasses.JSError -->
